<?xml version="1.0" encoding="UTF-8"?>
<!-- Generated by org.testng.reporters.JUnitReportReporter -->
<testsuite skipped="0" hostname="AMCS-GD3T0G2" name="com.bbc.regression.LoginTest" tests="1" failures="0" timestamp="2020-04-11T17:44:13 BST" time="18.620" errors="0">
  <testcase name="login" time="18.620" classname="com.bbc.regression.LoginTest"/>
  <system-out/>
</testsuite> <!-- com.bbc.regression.LoginTest -->
