<?xml version="1.0" encoding="UTF-8"?>
<!-- Generated by org.testng.reporters.JUnitReportReporter -->
<testsuite skipped="0" hostname="AMCS-GD3T0G2" name="com.facebook.selenium.regression.LoginTest" tests="1" failures="0" timestamp="2020-04-05T20:32:47 BST" time="0.012" errors="0">
  <testcase name="login" time="0.012" classname="com.facebook.selenium.regression.LoginTest"/>
  <system-out/>
</testsuite> <!-- com.facebook.selenium.regression.LoginTest -->
